<?xml version="1.0" encoding="UTF-8"?>
<testng-results total="1" passed="1" failed="0" skipped="0">
  <reporter-output>
  </reporter-output>
  <suite started-at="2021-11-09T07:09:22Z" name="Default suite" finished-at="2021-11-09T07:09:30Z" duration-ms="8136">
    <groups>
    </groups>
    <test started-at="2021-11-09T07:09:22Z" name="Default test" finished-at="2021-11-09T07:09:30Z" duration-ms="8136">
      <class name="com.mindtree.runner.TideApplication">
        <test-method is-config="true" signature="getBrowser()[pri:0, instance:com.mindtree.runner.TideApplication@7fcf2fc1]" started-at="2021-11-09T12:39:22Z" name="getBrowser" finished-at="2021-11-09T12:39:24Z" duration-ms="2458" status="PASS">
          <reporter-output>
          </reporter-output>
        </test-method> <!-- getBrowser -->
        <test-method signature="validateLaundrySymbolsText()[pri:0, instance:com.mindtree.runner.TideApplication@7fcf2fc1]" started-at="2021-11-09T12:39:24Z" name="validateLaundrySymbolsText" finished-at="2021-11-09T12:39:30Z" duration-ms="5595" status="PASS">
          <reporter-output>
          </reporter-output>
        </test-method> <!-- validateLaundrySymbolsText -->
        <test-method is-config="true" signature="closeDriver()[pri:0, instance:com.mindtree.runner.TideApplication@7fcf2fc1]" started-at="2021-11-09T12:39:30Z" name="closeDriver" finished-at="2021-11-09T12:39:30Z" duration-ms="73" status="PASS">
          <reporter-output>
          </reporter-output>
        </test-method> <!-- closeDriver -->
      </class> <!-- com.mindtree.runner.TideApplication -->
    </test> <!-- Default test -->
  </suite> <!-- Default suite -->
</testng-results>
